# JRE version: Java(TM) SE Runtime Environment (8.0_92-b14) (build 1.8.0_92-b14)
# Java VM: Java HotSpot(TM) 64-Bit Server VM (25.92-b14 mixed mode windows-amd64 compressed oops)
Heap:
 PSYoungGen      total 36864K, used 3334K [0x00000000d6f00000, 0x00000000d9800000, 0x0000000100000000)
  eden space 31744K, 10% used [0x00000000d6f00000,0x00000000d7241910,0x00000000d8e00000)
  from space 5120K, 0% used [0x00000000d8e00000,0x00000000d8e00000,0x00000000d9300000)
  to   space 5120K, 0% used [0x00000000d9300000,0x00000000d9300000,0x00000000d9800000)
 ParOldGen       total 84992K, used 8790K [0x0000000084c00000, 0x0000000089f00000, 0x00000000d6f00000)
  object space 84992K, 10% used [0x0000000084c00000,0x0000000085495970,0x0000000089f00000)
 Metaspace       used 18840K, capacity 19196K, committed 19456K, reserved 1067008K
  class space    used 2334K, capacity 2456K, committed 2560K, reserved 1048576K
GC Heap History (10 events):
Event: 19.043 GC heap before
{Heap before GC invocations=10 (full 5):
 PSYoungGen      total 36864K, used 496K [0x00000000d6f00000, 0x00000000d9800000, 0x0000000100000000)
  eden space 31744K, 0% used [0x00000000d6f00000,0x00000000d6f00000,0x00000000d8e00000)
  from space 5120K, 9% used [0x00000000d8e00000,0x00000000d8e7c010,0x00000000d9300000)
  to   space 5120K, 0% used [0x00000000d9300000,0x00000000d9300000,0x00000000d9800000)
 ParOldGen       total 84992K, used 9187K [0x0000000084c00000, 0x0000000089f00000, 0x00000000d6f00000)
  object space 84992K, 10% used [0x0000000084c00000,0x00000000854f8dd0,0x0000000089f00000)
 Metaspace       used 18642K, capacity 19004K, committed 19200K, reserved 1067008K
  class space    used 2332K, capacity 2456K, committed 2560K, reserved 1048576K
Event: 19.074 GC heap after
Heap after GC invocations=10 (full 5):
 PSYoungGen      total 36864K, used 0K [0x00000000d6f00000, 0x00000000d9800000, 0x0000000100000000)
  eden space 31744K, 0% used [0x00000000d6f00000,0x00000000d6f00000,0x00000000d8e00000)
  from space 5120K, 0% used [0x00000000d8e00000,0x00000000d8e00000,0x00000000d9300000)
  to   space 5120K, 0% used [0x00000000d9300000,0x00000000d9300000,0x00000000d9800000)
 ParOldGen       total 84992K, used 9009K [0x0000000084c00000, 0x0000000089f00000, 0x00000000d6f00000)
  object space 84992K, 10% used [0x0000000084c00000,0x00000000854cc428,0x0000000089f00000)
 Metaspace       used 18642K, capacity 19004K, committed 19200K, reserved 1067008K
  class space    used 2332K, capacity 2456K, committed 2560K, reserved 1048576K
}
Event: 21.494 GC heap before
{Heap before GC invocations=11 (full 5):
 PSYoungGen      total 36864K, used 3346K [0x00000000d6f00000, 0x00000000d9800000, 0x0000000100000000)
  eden space 31744K, 10% used [0x00000000d6f00000,0x00000000d7244a78,0x00000000d8e00000)
  from space 5120K, 0% used [0x00000000d8e00000,0x00000000d8e00000,0x00000000d9300000)
  to   space 5120K, 0% used [0x00000000d9300000,0x00000000d9300000,0x00000000d9800000)
 ParOldGen       total 84992K, used 9009K [0x0000000084c00000, 0x0000000089f00000, 0x00000000d6f00000)
  object space 84992K, 10% used [0x0000000084c00000,0x00000000854cc428,0x0000000089f00000)
 Metaspace       used 18724K, capacity 19068K, committed 19200K, reserved 1067008K
  class space    used 2333K, capacity 2456K, committed 2560K, reserved 1048576K
Event: 21.495 GC heap after
Heap after GC invocations=11 (full 5):
 PSYoungGen      total 36864K, used 432K [0x00000000d6f00000, 0x00000000d9800000, 0x0000000100000000)
  eden space 31744K, 0% used [0x00000000d6f00000,0x00000000d6f00000,0x00000000d8e00000)
  from space 5120K, 8% used [0x00000000d9300000,0x00000000d936c010,0x00000000d9800000)
  to   space 5120K, 0% used [0x00000000d8e00000,0x00000000d8e00000,0x00000000d9300000)
 ParOldGen       total 84992K, used 9017K [0x0000000084c00000, 0x0000000089f00000, 0x00000000d6f00000)
  object space 84992K, 10% used [0x0000000084c00000,0x00000000854ce428,0x0000000089f00000)
 Metaspace       used 18724K, capacity 19068K, committed 19200K, reserved 1067008K
  class space    used 2333K, capacity 2456K, committed 2560K, reserved 1048576K
}
Event: 21.495 GC heap before
{Heap before GC invocations=12 (full 6):
 PSYoungGen      total 36864K, used 432K [0x00000000d6f00000, 0x00000000d9800000, 0x0000000100000000)
  eden space 31744K, 0% used [0x00000000d6f00000,0x00000000d6f00000,0x00000000d8e00000)
  from space 5120K, 8% used [0x00000000d9300000,0x00000000d936c010,0x00000000d9800000)
  to   space 5120K, 0% used [0x00000000d8e00000,0x00000000d8e00000,0x00000000d9300000)
 ParOldGen       total 84992K, used 9017K [0x0000000084c00000, 0x0000000089f00000, 0x00000000d6f00000)
  object space 84992K, 10% used [0x0000000084c00000,0x00000000854ce428,0x0000000089f00000)
 Metaspace       used 18724K, capacity 19068K, committed 19200K, reserved 1067008K
  class space    used 2333K, capacity 2456K, committed 2560K, reserved 1048576K
Event: 21.521 GC heap after
Heap after GC invocations=12 (full 6):
 PSYoungGen      total 36864K, used 0K [0x00000000d6f00000, 0x00000000d9800000, 0x0000000100000000)
  eden space 31744K, 0% used [0x00000000d6f00000,0x00000000d6f00000,0x00000000d8e00000)
  from space 5120K, 0% used [0x00000000d9300000,0x00000000d9300000,0x00000000d9800000)
  to   space 5120K, 0% used [0x00000000d8e00000,0x00000000d8e00000,0x00000000d9300000)
 ParOldGen       total 84992K, used 8909K [0x0000000084c00000, 0x0000000089f00000, 0x00000000d6f00000)
  object space 84992K, 10% used [0x0000000084c00000,0x00000000854b3528,0x0000000089f00000)
 Metaspace       used 18724K, capacity 19068K, committed 19200K, reserved 1067008K
  class space    used 2333K, capacity 2456K, committed 2560K, reserved 1048576K
}
Event: 23.527 GC heap before
{Heap before GC invocations=13 (full 6):
 PSYoungGen      total 36864K, used 2063K [0x00000000d6f00000, 0x00000000d9800000, 0x0000000100000000)
  eden space 31744K, 6% used [0x00000000d6f00000,0x00000000d7103db8,0x00000000d8e00000)
  from space 5120K, 0% used [0x00000000d9300000,0x00000000d9300000,0x00000000d9800000)
  to   space 5120K, 0% used [0x00000000d8e00000,0x00000000d8e00000,0x00000000d9300000)
 ParOldGen       total 84992K, used 8909K [0x0000000084c00000, 0x0000000089f00000, 0x00000000d6f00000)
  object space 84992K, 10% used [0x0000000084c00000,0x00000000854b3528,0x0000000089f00000)
 Metaspace       used 18793K, capacity 19132K, committed 19456K, reserved 1067008K
  class space    used 2334K, capacity 2456K, committed 2560K, reserved 1048576K
Event: 23.530 GC heap after
Heap after GC invocations=13 (full 6):
 PSYoungGen      total 36864K, used 288K [0x00000000d6f00000, 0x00000000d9800000, 0x0000000100000000)
  eden space 31744K, 0% used [0x00000000d6f00000,0x00000000d6f00000,0x00000000d8e00000)
  from space 5120K, 5% used [0x00000000d8e00000,0x00000000d8e48000,0x00000000d9300000)
  to   space 5120K, 0% used [0x00000000d9300000,0x00000000d9300000,0x00000000d9800000)
 ParOldGen       total 84992K, used 8917K [0x0000000084c00000, 0x0000000089f00000, 0x00000000d6f00000)
  object space 84992K, 10% used [0x0000000084c00000,0x00000000854b5528,0x0000000089f00000)
 Metaspace       used 18793K, capacity 19132K, committed 19456K, reserved 1067008K
  class space    used 2334K, capacity 2456K, committed 2560K, reserved 1048576K
}
Event: 23.530 GC heap before
{Heap before GC invocations=14 (full 7):
 PSYoungGen      total 36864K, used 288K [0x00000000d6f00000, 0x00000000d9800000, 0x0000000100000000)
  eden space 31744K, 0% used [0x00000000d6f00000,0x00000000d6f00000,0x00000000d8e00000)
  from space 5120K, 5% used [0x00000000d8e00000,0x00000000d8e48000,0x00000000d9300000)
  to   space 5120K, 0% used [0x00000000d9300000,0x00000000d9300000,0x00000000d9800000)
 ParOldGen       total 84992K, used 8917K [0x0000000084c00000, 0x0000000089f00000, 0x00000000d6f00000)
  object space 84992K, 10% used [0x0000000084c00000,0x00000000854b5528,0x0000000089f00000)
 Metaspace       used 18793K, capacity 19132K, committed 19456K, reserved 1067008K
  class space    used 2334K, capacity 2456K, committed 2560K, reserved 1048576K
Event: 23.564 GC heap after
Heap after GC invocations=14 (full 7):
 PSYoungGen      total 36864K, used 0K [0x00000000d6f00000, 0x00000000d9800000, 0x0000000100000000)
  eden space 31744K, 0% used [0x00000000d6f00000,0x00000000d6f00000,0x00000000d8e00000)
  from space 5120K, 0% used [0x00000000d8e00000,0x00000000d8e00000,0x00000000d9300000)
  to   space 5120K, 0% used [0x00000000d9300000,0x00000000d9300000,0x00000000d9800000)
 ParOldGen       total 84992K, used 8790K [0x0000000084c00000, 0x0000000089f00000, 0x00000000d6f00000)
  object space 84992K, 10% used [0x0000000084c00000,0x0000000085495970,0x0000000089f00000)
 Metaspace       used 18793K, capacity 19132K, committed 19456K, reserved 1067008K
  class space    used 2334K, capacity 2456K, committed 2560K, reserved 1048576K
}

